<?xml version="1.0" encoding="UTF-8"?>
<testng-results ignored="0" total="2" passed="0" failed="2" skipped="0">
  <reporter-output>
  </reporter-output>
  <suite started-at="2023-04-04T17:30:19 EDT" name="Default suite" finished-at="2023-04-04T17:30:30 EDT" duration-ms="11577">
    <groups>
    </groups>
    <test started-at="2023-04-04T17:30:19 EDT" name="Default test" finished-at="2023-04-04T17:30:30 EDT" duration-ms="11577">
      <class name="objRepJson.JsonSampleTests">
        <test-method is-config="true" signature="setUp()[pri:0, instance:objRepJson.JsonSampleTests@43195e57]" started-at="2023-04-04T17:30:19 EDT" name="setUp" finished-at="2023-04-04T17:30:30 EDT" duration-ms="11145" status="PASS">
          <reporter-output>
          </reporter-output>
        </test-method> <!-- setUp -->
        <test-method signature="EnterValue()[pri:0, instance:objRepJson.JsonSampleTests@43195e57]" started-at="2023-04-04T17:30:30 EDT" name="EnterValue" finished-at="2023-04-04T17:30:30 EDT" duration-ms="65" status="FAIL">
          <exception class="com.jayway.jsonpath.PathNotFoundException">
            <message>
              <![CDATA[Expected to find an object with property ['FirstName'] in path $ but found 'java.lang.String'. This is not a json object according to the JsonProvider: 'com.jayway.jsonpath.spi.json.JsonSmartJsonProvider'.]]>
            </message>
            <full-stacktrace>
              <![CDATA[com.jayway.jsonpath.PathNotFoundException: Expected to find an object with property ['FirstName'] in path $ but found 'java.lang.String'. This is not a json object according to the JsonProvider: 'com.jayway.jsonpath.spi.json.JsonSmartJsonProvider'.
]]>
            </full-stacktrace>
          </exception> <!-- com.jayway.jsonpath.PathNotFoundException -->
          <reporter-output>
          </reporter-output>
        </test-method> <!-- EnterValue -->
        <test-method signature="FindPartialLink()[pri:0, instance:objRepJson.JsonSampleTests@43195e57]" started-at="2023-04-04T17:30:30 EDT" name="FindPartialLink" finished-at="2023-04-04T17:30:30 EDT" duration-ms="2" status="FAIL">
          <exception class="com.jayway.jsonpath.PathNotFoundException">
            <message>
              <![CDATA[Expected to find an object with property ['PartialLink'] in path $ but found 'java.lang.String'. This is not a json object according to the JsonProvider: 'com.jayway.jsonpath.spi.json.JsonSmartJsonProvider'.]]>
            </message>
            <full-stacktrace>
              <![CDATA[com.jayway.jsonpath.PathNotFoundException: Expected to find an object with property ['PartialLink'] in path $ but found 'java.lang.String'. This is not a json object according to the JsonProvider: 'com.jayway.jsonpath.spi.json.JsonSmartJsonProvider'.
]]>
            </full-stacktrace>
          </exception> <!-- com.jayway.jsonpath.PathNotFoundException -->
          <reporter-output>
          </reporter-output>
        </test-method> <!-- FindPartialLink -->
        <test-method is-config="true" signature="tearDown()[pri:0, instance:objRepJson.JsonSampleTests@43195e57]" started-at="2023-04-04T17:30:30 EDT" name="tearDown" finished-at="2023-04-04T17:30:30 EDT" duration-ms="340" status="PASS">
          <reporter-output>
          </reporter-output>
        </test-method> <!-- tearDown -->
      </class> <!-- objRepJson.JsonSampleTests -->
    </test> <!-- Default test -->
  </suite> <!-- Default suite -->
</testng-results>
