<?xml version="1.0" encoding="UTF-8"?>
<!-- Generated by org.testng.reporters.JUnitXMLReporter -->
<testsuite ignored="1" hostname="BAH5Q3C9J3" failures="2" tests="2" name="ExecutingListeners" time="7.155" errors="0" timestamp="2023-03-20T16:54:22 EDT">
  <testcase classname="Integrated.SSListenerParallelTSafe2" name="OpenBrowserShop" time="4.133">
    <failure type="java.lang.AssertionError" message="Titles of the website do not match expected [Let&amp;apos;s Shoop] but found [Let&amp;apos;s Shop]">
      <![CDATA[java.lang.AssertionError: Titles of the website do not match expected [Let's Shoop] but found [Let's Shop]
at Integrated.SSListenerParallelTSafe2.OpenBrowserShop(SSListenerParallelTSafe2.java:59)
at java.base/java.util.ArrayList.forEach(ArrayList.java:1511)
... Removed 30 stack frames]]>
    </failure>
  </testcase> <!-- OpenBrowserShop -->
  <testcase classname="Integrated.SSListenerParallelTSafe2" name="OpenBrowserShop" time="7.14">
    <failure type="java.lang.NullPointerException" message="Cannot invoke &amp;quot;org.openqa.selenium.TakesScreenshot.getScreenshotAs(org.openqa.selenium.OutputType)&amp;quot; because &amp;quot;ts&amp;quot; is null">
      <![CDATA[java.lang.NullPointerException: Cannot invoke "org.openqa.selenium.TakesScreenshot.getScreenshotAs(org.openqa.selenium.OutputType)" because "ts" is null
at Integrated.SSListenerParallelTSafe2.getScreenshot(SSListenerParallelTSafe2.java:95)
at Integrated.ListenersTestNGTSafe.onTestFailure(ListenersTestNGTSafe.java:70)
at java.base/java.util.ArrayList.forEach(ArrayList.java:1511)
... Removed 24 stack frames]]>
    </failure>
  </testcase> <!-- OpenBrowserShop -->
  <testcase classname="Integrated.SSListenerParallelTSafe2" name="OpenBrowserShopNegatvie" time="0.0">
    <ignored/>
  </testcase> <!-- OpenBrowserShopNegatvie -->
</testsuite> <!-- ExecutingListeners -->
