<?xml version="1.0" encoding="UTF-8"?>
<!-- Generated by org.testng.reporters.JUnitXMLReporter -->
<testsuite ignored="0" hostname="BAH5Q3C9J3" failures="1" tests="6" name="ProductionTest3" time="56.527" errors="0" timestamp="2023-03-21T17:44:30 EDT">
  <testcase classname="ParallelWebdriver3.LandingPageTest" name="OpenBrowser" time="5.695"/>
  <testcase classname="ParallelWebdriver3.LandingPageTest" name="OpenBrowserNegative" time="4.513">
    <skipped/>
  </testcase> <!-- OpenBrowserNegative -->
  <testcase classname="ParallelWebdriver3.LandingPageTest" name="OpenBrowserNegative" time="3.259">
    <failure type="java.lang.AssertionError" message="Titles of the website do not match expected [Let&amp;apos;s Shoop] but found [Let&amp;apos;s Shop]">
      <![CDATA[java.lang.AssertionError: Titles of the website do not match expected [Let's Shoop] but found [Let's Shop]
at ParallelWebdriver3.LandingPageTest.OpenBrowserNegative(LandingPageTest.java:50)
at java.base/java.util.ArrayList.forEach(ArrayList.java:1511)
at java.base/java.util.concurrent.FutureTask.run(FutureTask.java:317)
at java.base/java.util.concurrent.ThreadPoolExecutor.runWorker(ThreadPoolExecutor.java:1144)
at java.base/java.util.concurrent.ThreadPoolExecutor$Worker.run(ThreadPoolExecutor.java:642)
at java.base/java.lang.Thread.run(Thread.java:1589)
... Removed 21 stack frames]]>
    </failure>
  </testcase> <!-- OpenBrowserNegative -->
  <testcase classname="ParallelWebdriver3.LandingPageTest" name="Login" time="4.514"/>
  <testcase classname="ParallelWebdriver3.LandingPageTest" name="LoginDP" time="5.935"/>
  <testcase classname="ParallelWebdriver3.LandingPageTest" name="LoginDP" time="4.804"/>
</testsuite> <!-- ProductionTest3 -->
